[2018-11-23T09:14:08.212Z][QUERY]: BEGIN TRANSACTION
[2018-11-23T09:14:08.226Z][QUERY]: SELECT SCHEMA_NAME() AS "schema_name"
[2018-11-23T09:14:08.251Z][QUERY]: SELECT DB_NAME() AS "db_name"
[2018-11-23T09:14:08.258Z][QUERY]: SELECT * FROM "nwind"."INFORMATION_SCHEMA"."TABLES" WHERE ("TABLE_SCHEMA" = 'dbo' AND "TABLE_NAME" = 'Categories') OR ("TABLE_SCHEMA" = 'dbo' AND "TABLE_NAME" = 'Products') OR ("TABLE_SCHEMA" = 'dbo' AND "TABLE_NAME" = 'Suppliers') OR ("TABLE_SCHEMA" = 'dbo' AND "TABLE_NAME" = 'Customers') OR ("TABLE_SCHEMA" = 'dbo' AND "TABLE_NAME" = 'Order Details') OR ("TABLE_SCHEMA" = 'dbo' AND "TABLE_NAME" = 'Orders')
[2018-11-23T09:14:08.456Z][QUERY]: SELECT * FROM "nwind"."INFORMATION_SCHEMA"."COLUMNS" WHERE ("TABLE_SCHEMA" = 'dbo' AND "TABLE_NAME" = 'Categories') OR ("TABLE_SCHEMA" = 'dbo' AND "TABLE_NAME" = 'Products') OR ("TABLE_SCHEMA" = 'dbo' AND "TABLE_NAME" = 'Suppliers') OR ("TABLE_SCHEMA" = 'dbo' AND "TABLE_NAME" = 'Customers') OR ("TABLE_SCHEMA" = 'dbo' AND "TABLE_NAME" = 'Order Details') OR ("TABLE_SCHEMA" = 'dbo' AND "TABLE_NAME" = 'Orders')
[2018-11-23T09:14:08.524Z][QUERY]: SELECT "columnUsages".*, "tableConstraints"."CONSTRAINT_TYPE", "chk"."definition" FROM "nwind"."INFORMATION_SCHEMA"."CONSTRAINT_COLUMN_USAGE" "columnUsages" INNER JOIN "nwind"."INFORMATION_SCHEMA"."TABLE_CONSTRAINTS" "tableConstraints" ON "tableConstraints"."CONSTRAINT_NAME" = "columnUsages"."CONSTRAINT_NAME" LEFT JOIN "nwind"."sys"."check_constraints" "chk" ON "chk"."name" = "columnUsages"."CONSTRAINT_NAME" WHERE (("columnUsages"."TABLE_SCHEMA" = 'dbo' AND "columnUsages"."TABLE_NAME" = 'Categories' AND "tableConstraints"."TABLE_SCHEMA" = 'dbo' AND "tableConstraints"."TABLE_NAME" = 'Categories') OR ("columnUsages"."TABLE_SCHEMA" = 'dbo' AND "columnUsages"."TABLE_NAME" = 'Products' AND "tableConstraints"."TABLE_SCHEMA" = 'dbo' AND "tableConstraints"."TABLE_NAME" = 'Products') OR ("columnUsages"."TABLE_SCHEMA" = 'dbo' AND "columnUsages"."TABLE_NAME" = 'Suppliers' AND "tableConstraints"."TABLE_SCHEMA" = 'dbo' AND "tableConstraints"."TABLE_NAME" = 'Suppliers') OR ("columnUsages"."TABLE_SCHEMA" = 'dbo' AND "columnUsages"."TABLE_NAME" = 'Customers' AND "tableConstraints"."TABLE_SCHEMA" = 'dbo' AND "tableConstraints"."TABLE_NAME" = 'Customers') OR ("columnUsages"."TABLE_SCHEMA" = 'dbo' AND "columnUsages"."TABLE_NAME" = 'Order Details' AND "tableConstraints"."TABLE_SCHEMA" = 'dbo' AND "tableConstraints"."TABLE_NAME" = 'Order Details') OR ("columnUsages"."TABLE_SCHEMA" = 'dbo' AND "columnUsages"."TABLE_NAME" = 'Orders' AND "tableConstraints"."TABLE_SCHEMA" = 'dbo' AND "tableConstraints"."TABLE_NAME" = 'Orders')) AND "tableConstraints"."CONSTRAINT_TYPE" IN ('PRIMARY KEY', 'UNIQUE', 'CHECK')
[2018-11-23T09:14:09.197Z][QUERY]: SELECT "fk"."name" AS "FK_NAME", 'nwind' AS "TABLE_CATALOG", "s1"."name" AS "TABLE_SCHEMA", "t1"."name" AS "TABLE_NAME", "col1"."name" AS "COLUMN_NAME", "s2"."name" AS "REF_SCHEMA", "t2"."name" AS "REF_TABLE", "col2"."name" AS "REF_COLUMN", "fk"."delete_referential_action_desc" AS "ON_DELETE", "fk"."update_referential_action_desc" AS "ON_UPDATE" FROM "nwind"."sys"."foreign_keys" "fk" INNER JOIN "nwind"."sys"."foreign_key_columns" "fkc" ON "fkc"."constraint_object_id" = "fk"."object_id" INNER JOIN "nwind"."sys"."tables" "t1" ON "t1"."object_id" = "fk"."parent_object_id" INNER JOIN "nwind"."sys"."schemas" "s1" ON "s1"."schema_id" = "t1"."schema_id" INNER JOIN "nwind"."sys"."tables" "t2" ON "t2"."object_id" = "fk"."referenced_object_id" INNER JOIN "nwind"."sys"."schemas" "s2" ON "s2"."schema_id" = "t2"."schema_id" INNER JOIN "nwind"."sys"."columns" "col1" ON "col1"."column_id" = "fkc"."parent_column_id" AND "col1"."object_id" = "fk"."parent_object_id" INNER JOIN "nwind"."sys"."columns" "col2" ON "col2"."column_id" = "fkc"."referenced_column_id" AND "col2"."object_id" = "fk"."referenced_object_id"
[2018-11-23T09:14:09.368Z][QUERY]: SELECT "TABLE_CATALOG", "TABLE_SCHEMA", "COLUMN_NAME", "TABLE_NAME" FROM "nwind"."INFORMATION_SCHEMA"."COLUMNS" WHERE COLUMNPROPERTY(object_id("TABLE_CATALOG" + '.' + "TABLE_SCHEMA" + '.' + "TABLE_NAME"), "COLUMN_NAME", 'IsIdentity') = 1 AND "TABLE_SCHEMA" IN ('dbo')
[2018-11-23T09:14:09.409Z][QUERY]: SELECT "NAME", "COLLATION_NAME" FROM "SYS"."DATABASES"
[2018-11-23T09:14:09.445Z][QUERY]: SELECT 'nwind' AS "TABLE_CATALOG", "s"."name" AS "TABLE_SCHEMA", "t"."name" AS "TABLE_NAME", "ind"."name" AS "INDEX_NAME", "col"."name" AS "COLUMN_NAME", "ind"."is_unique" AS "IS_UNIQUE", "ind"."filter_definition" as "CONDITION" FROM "nwind"."sys"."indexes" "ind" INNER JOIN "nwind"."sys"."index_columns" "ic" ON "ic"."object_id" = "ind"."object_id" AND "ic"."index_id" = "ind"."index_id" INNER JOIN "nwind"."sys"."columns" "col" ON "col"."object_id" = "ic"."object_id" AND "col"."column_id" = "ic"."column_id" INNER JOIN "nwind"."sys"."tables" "t" ON "t"."object_id" = "ind"."object_id" INNER JOIN "nwind"."sys"."schemas" "s" ON "s"."schema_id" = "t"."schema_id" WHERE "ind"."is_primary_key" = 0 AND "ind"."is_unique_constraint" = 0 AND "t"."is_ms_shipped" = 0
[2018-11-23T09:14:09.510Z]creating a new table: Categories
[2018-11-23T09:14:09.517Z][QUERY]: CREATE TABLE "Categories" ("CategoryID" int NOT NULL IDENTITY(1,1), "CategoryName" nvarchar(255) NOT NULL, "Description" nvarchar(255) NOT NULL, "Picture" binary NOT NULL, CONSTRAINT "PK_8fb0727baad4afaed25ac7c9861" PRIMARY KEY ("CategoryID"))
[2018-11-23T09:14:09.526Z]creating a new table: Products
[2018-11-23T09:14:09.527Z][QUERY]: CREATE TABLE "Products" ("ProductID" int NOT NULL IDENTITY(1,1), "ProductName" nvarchar(255) NOT NULL, "QuantityPerUnit" nvarchar(255) NOT NULL, "UnitPrice" float NOT NULL, "UnitsInStock" int NOT NULL, "UnitsOnOrder" int NOT NULL, "ReorderLevel" int NOT NULL, "Discontinued" bit NOT NULL, "SupplierID" int, "CategoryID" int, CONSTRAINT "PK_07f84037390838453c1426c7cb5" PRIMARY KEY ("ProductID"))
[2018-11-23T09:14:09.533Z]creating a new table: Suppliers
[2018-11-23T09:14:09.534Z][QUERY]: CREATE TABLE "Suppliers" ("SupplierID" int NOT NULL IDENTITY(1,1), "CompanyName" nvarchar(255) NOT NULL, "ContactName" nvarchar(255) NOT NULL, "ContactTitle" nvarchar(255) NOT NULL, "Address" nvarchar(255) NOT NULL, "City" nvarchar(255) NOT NULL, "Region" nvarchar(255) NOT NULL, "PostalCode" nvarchar(255) NOT NULL, "Country" nvarchar(255) NOT NULL, "Phone" nvarchar(255) NOT NULL, "Fax" nvarchar(255) NOT NULL, "HomePage" nvarchar(255) NOT NULL, CONSTRAINT "PK_9af75be88249fe42e9a8fb47629" PRIMARY KEY ("SupplierID"))
[2018-11-23T09:14:09.540Z]creating a new table: Customers
[2018-11-23T09:14:09.541Z][QUERY]: CREATE TABLE "Customers" ("CustomerID" nvarchar(255) NOT NULL, "companyName" nvarchar(255) NOT NULL, "contactName" nvarchar(255) NOT NULL, "contactTitle" nvarchar(255) NOT NULL, "address" nvarchar(255) NOT NULL, "city" nvarchar(255) NOT NULL, "region" nvarchar(255) NOT NULL, "postalCode" nvarchar(255) NOT NULL, "country" nvarchar(255) NOT NULL, "phone" nvarchar(255) NOT NULL, "fax" nvarchar(255) NOT NULL, CONSTRAINT "PK_20d9e62f5dfe25e72bc90e46257" PRIMARY KEY ("CustomerID"))
[2018-11-23T09:14:09.601Z]creating a new table: Order Details
[2018-11-23T09:14:09.602Z][QUERY]: CREATE TABLE "Order Details" ("unitPrice" int NOT NULL, "quantity" int NOT NULL, "discount" int NOT NULL, "OrderID" int NOT NULL, "ProductID" int NOT NULL, CONSTRAINT "PK_df05d04fc3e88a3eb81a9db1797" PRIMARY KEY ("OrderID", "ProductID"))
[2018-11-23T09:14:09.607Z]creating a new table: Orders
[2018-11-23T09:14:09.608Z][QUERY]: CREATE TABLE "Orders" ("OrderID" int NOT NULL IDENTITY(1,1), "employeeId" int NOT NULL, "orderDate" datetime NOT NULL, "requiredDate" datetime NOT NULL, "shippedDate" datetime NOT NULL, "shipVia" int NOT NULL, "freight" int NOT NULL, "shipName" nvarchar(255) NOT NULL, "shipAddress" nvarchar(255) NOT NULL, "shipCity" nvarchar(255) NOT NULL, "shipRegion" nvarchar(255) NOT NULL, "shipPostalCode" nvarchar(255) NOT NULL, "shipCountry" nvarchar(255) NOT NULL, "CustomerID" nvarchar(255), CONSTRAINT "PK_55f8443f4d79e9a848cf42b69d9" PRIMARY KEY ("OrderID"))
[2018-11-23T09:14:09.653Z]creating a foreign keys: FK_3631250b029818892d266a3a0a8, FK_9d404e9029f724e36f0ce2f0024 on table "Products"
[2018-11-23T09:14:09.656Z][QUERY]: ALTER TABLE "Products" ADD CONSTRAINT "FK_3631250b029818892d266a3a0a8" FOREIGN KEY ("SupplierID") REFERENCES "Suppliers"("SupplierID")
[2018-11-23T09:14:09.677Z][QUERY]: ALTER TABLE "Products" ADD CONSTRAINT "FK_9d404e9029f724e36f0ce2f0024" FOREIGN KEY ("CategoryID") REFERENCES "Categories"("CategoryID")
[2018-11-23T09:14:09.683Z]creating a foreign keys: FK_4443eeb034528743badc9549310, FK_3744cf2dfaa57f0f1ba6815716a on table "Order Details"
[2018-11-23T09:14:09.684Z][QUERY]: ALTER TABLE "Order Details" ADD CONSTRAINT "FK_4443eeb034528743badc9549310" FOREIGN KEY ("OrderID") REFERENCES "Orders"("OrderID")
[2018-11-23T09:14:09.692Z][QUERY]: ALTER TABLE "Order Details" ADD CONSTRAINT "FK_3744cf2dfaa57f0f1ba6815716a" FOREIGN KEY ("ProductID") REFERENCES "Products"("ProductID")
[2018-11-23T09:14:09.697Z]creating a foreign keys: FK_fcb27b11e453edc543d0a5436eb on table "Orders"
[2018-11-23T09:14:09.697Z][QUERY]: ALTER TABLE "Orders" ADD CONSTRAINT "FK_fcb27b11e453edc543d0a5436eb" FOREIGN KEY ("CustomerID") REFERENCES "Customers"("CustomerID")
[2018-11-23T09:14:09.707Z][QUERY]: COMMIT
[2018-11-23T09:14:09.729Z][QUERY]: UPDATE "Products" SET "UnitPrice" = @1, "UnitsInStock" = @2 WHERE "ProductID" = @0 -- PARAMETERS: [1,{"value":22.22,"type":"float","params":[]},{"value":32,"type":"int","params":[]}]
[2018-11-23T09:33:42.920Z][QUERY]: BEGIN TRANSACTION
[2018-11-23T09:33:42.952Z][QUERY]: INSERT INTO "Shippers"("CompanyName", "phone") OUTPUT INSERTED."ShipperID" VALUES (@0, @1) -- PARAMETERS: [{"value":"DHL Couriers","type":"nvarchar","params":[]},{"value":"9278272672","type":"nvarchar","params":[]}]
[2018-11-23T09:33:43.048Z][QUERY]: COMMIT
[2018-11-23T09:43:01.229Z][QUERY]: BEGIN TRANSACTION
[2018-11-23T09:43:01.260Z][QUERY]: INSERT INTO "Shippers"("CompanyName", "phone") OUTPUT INSERTED."ShipperID" VALUES (@0, @1) -- PARAMETERS: [{"value":"DHL Couriers","type":"nvarchar","params":[]},{"value":"9278272672","type":"nvarchar","params":[]}]
[2018-11-23T09:43:01.323Z][QUERY]: ROLLBACK
[2018-11-23T09:43:54.618Z][QUERY]: BEGIN TRANSACTION
[2018-11-23T09:43:54.652Z][QUERY]: INSERT INTO "Shippers"("CompanyName", "phone") OUTPUT INSERTED."ShipperID" VALUES (@0, @1) -- PARAMETERS: [{"value":"DHL Couriers","type":"nvarchar","params":[]},{"value":"9278272672","type":"nvarchar","params":[]}]
[2018-11-23T09:43:54.682Z][QUERY]: INSERT INTO "Shippers"("CompanyName", "phone") OUTPUT INSERTED."ShipperID" VALUES (@0, @1) -- PARAMETERS: [{"value":"BlueDart Couriers","type":"nvarchar","params":[]},{"value":"9221232611","type":"nvarchar","params":[]}]
[2018-11-23T09:43:54.691Z][QUERY]: COMMIT
[2018-11-23T09:58:57.304Z][QUERY]: SELECT "Shipper"."ShipperID" AS "Shipper_ShipperID", "Shipper"."CompanyName" AS "Shipper_CompanyName", "Shipper"."phone" AS "Shipper_phone" FROM "Shippers" "Shipper"
[2018-11-23T09:58:57.316Z][FAILED QUERY]: SELECT "Shipper"."ShipperID" AS "Shipper_ShipperID", "Shipper"."CompanyName" AS "Shipper_CompanyName", "Shipper"."phone" AS "Shipper_phone" FROM "Shippers" "Shipper"
[2018-11-23T09:58:57.316Z][QUERY ERROR]: ConnectionError: Connection is closed.
[2018-11-23T09:59:28.832Z][QUERY]: SELECT "Shipper"."ShipperID" AS "Shipper_ShipperID", "Shipper"."CompanyName" AS "Shipper_CompanyName", "Shipper"."phone" AS "Shipper_phone" FROM "Shippers" "Shipper"
[2018-11-23T10:06:33.836Z][QUERY]: SELECT "Shipper"."ShipperID" AS "Shipper_ShipperID", "Shipper"."CompanyName" AS "Shipper_CompanyName", "Shipper"."phone" AS "Shipper_phone" FROM "Shippers" "Shipper"
